This is LuaHBTeX, Version 1.13.0 (TeX Live 2021/VoidLinux)  (format=lualatex 2022.7.9)  14 JUL 2022 01:31
 restricted system commands enabled.
**main.md -o main.pdf
(./main.md
LaTeX2e <2020-10-01> patch level 4
Lua module: luaotfload 2021-01-08 3.17 Lua based OpenType font support
Lua module: lualibs 2020-12-30 2.73 ConTeXt Lua standard libraries.
Lua module: lualibs-extended 2020-12-30 2.73 ConTeXt Lua libraries -- extended c
ollection.
luaotfload | conf : Root cache directory is "/home/shahid/.texlive2021/texmf-var
/luatex-cache/generic/names".
luaotfload | init : Loading fontloader "fontloader-2021-01-07.lua" from kpse-res
olved path "/usr/share/texmf-dist/tex/luatex/luaotfload/fontloader-2021-01-07.lu
a".
Lua-only attribute luaotfload@noligature = 1
Lua-only attribute luaotfload@syllabe = 2
luaotfload | init : Context OpenType loader version 0x1.8e76c8b439581p+1
Inserting `luaotfload.node_processor' at position 1 in `pre_linebreak_filter'.
Inserting `luaotfload.node_processor' at position 1 in `hpack_filter'.
Inserting `luaotfload.glyph_stream' at position 1 in `glyph_stream_provider'.
Inserting `luaotfload.define_font' at position 1 in `define_font'.
Lua-only attribute luaotfload_color_attribute = 3
luaotfload | conf : Root cache directory is "/home/shahid/.texlive2021/texmf-var
/luatex-cache/generic/names".
Inserting `luaotfload.harf.strip_prefix' at position 1 in `find_opentype_file'.
Inserting `luaotfload.harf.strip_prefix' at position 1 in `find_truetype_file'.
Inserting `luaotfload.harf.finalize_vlist' at position 1 in `post_linebreak_filt
er'.
Inserting `luaotfload.harf.finalize_hlist' at position 2 in `hpack_filter'.
Inserting `luaotfload.cleanup_files' at position 1 in `wrapup_run'.
Inserting `luaotfload.harf.finalize_unicode' at position 1 in `finish_pdffile'.
Inserting `luaotfload.glyphinfo' at position 1 in `glyph_info'.
Inserting `luaotfload.aux.set_sscale_dimens' at position 1 in `luaotfload.patch_
font'.
Inserting `luaotfload.aux.set_font_index' at position 2 in `luaotfload.patch_fon
t'.
Inserting `luaotfload.aux.patch_cambria_domh' at position 3 in `luaotfload.patch
_font'.
Inserting `luaotfload.aux.fixup_fontdata' at position 1 in `luaotfload.patch_fon
t_unsafe'.
Inserting `luaotfload.aux.set_capheight' at position 4 in `luaotfload.patch_font
'.
Inserting `luaotfload.aux.set_xheight' at position 5 in `luaotfload.patch_font'.
Inserting `luaotfload.rewrite_fontname' at position 6 in `luaotfload.patch_font'
. L3 programming layer <2021-02-18>

! LaTeX Error: Missing \begin{document}.

See the LaTeX manual or LaTeX Companion for explanation.
Type  H <return>  for immediate help.
 ...                                              
                                                  
l.1 -
   --
? 
! Interruption.
\GenericError  ...                                
                                                  \endgroup 
l.1 -
   --
? 

Overfull \hbox (20.0pt too wide) in paragraph at lines 1--7
[]---
 []

! You can't use `macro parameter character #' in vertical mode.
l.8 #
    Noob
? 

! LaTeX Error: Missing \begin{document}.

See the LaTeX manual or LaTeX Companion for explanation.
Type  H <return>  for immediate help.
 ...                                              
                                                  
l.8 # N
     oob
? 

Overfull \hbox (20.0pt too wide) in paragraph at lines 8--9
[]Noob 
 []

! Interruption.
l.19085535 
         
? 
! Interruption.
<to be read again> 
\par 
l.33378152 
         
? 
! Interruption.
l.36658903 
         
? 
! Interruption.
<to be read again> 
\par 
l.38375790 
         
? 
! Interruption.
<to be read again> 
\par 
l.42121930 
         
? 
! Interruption.
l.42424685 
         
? 
! Interruption.
l.42630086 
         
? 
! Interruption.
<to be read again> 
\par 
l.43043245 
         
? 
! Interruption.
<to be read again> 
\par 
l.43248266 
         
? 
! Interruption.
l.43452230 
         
? 
! Interruption.
l.43655840 
         
? 
! Interruption.
<to be read again> 
\par 
l.44066520 
         
? 
! Interruption.
l.44271910 
         
? 
! Interruption.
